117 : 2020-07-26 11:09:34,577 : INFO : telemetry.main : Attempt start. Configuration directory [/home/mathew_kim/.azure].
117 : 2020-07-26 11:09:34,577 : INFO : telemetry.check : Positive: The /home/mathew_kim/.azure/telemetry.txt does not exist.
117 : 2020-07-26 11:09:34,577 : DEBUG : telemetry.note : acquiring lock
117 : 2020-07-26 11:09:34,577 : DEBUG : telemetry.note : acquired lock
117 : 2020-07-26 11:09:34,578 : INFO : telemetry.note : Update the note mtime to 2020-07-26 11:09:34.577989
117 : 2020-07-26 11:09:34,578 : WARNING : telemetry.note : Fail to parse or read the timestamp 'N/A' in the note file. Set the last send time to minimal. Reason: not readable
117 : 2020-07-26 11:09:34,578 : INFO : telemetry.records : No cache to be uploaded.
117 : 2020-07-26 11:09:34,578 : INFO : telemetry.client : Accumulated 0 events. Flush the clients.
117 : 2020-07-26 11:09:34,578 : INFO : telemetry.note : Update the last send in note to 0001-01-01 00:00:00
117 : 2020-07-26 11:09:34,578 : INFO : telemetry.note : Update the note mtime to 2020-07-26 11:09:34.578763
108 : 2020-12-17 08:03:43,516 : INFO : telemetry.main : Attempt start. Configuration directory [/home/mathew_kim/.azure].
108 : 2020-12-17 08:03:43,520 : INFO : telemetry.check : Returns Positive.
108 : 2020-12-17 08:03:43,520 : DEBUG : telemetry.note : acquiring lock
108 : 2020-12-17 08:03:43,521 : DEBUG : telemetry.note : acquired lock
108 : 2020-12-17 08:03:43,521 : INFO : telemetry.note : Update the note mtime to 2020-12-17 08:03:43.521295
108 : 2020-12-17 08:03:43,527 : WARNING : telemetry.note : Fail to parse or read the timestamp '1-01-01T00:00:00' in the note file. Set the last send time to minimal. Reason: time data '1-01-01T00:00:00' does not match format '%Y-%m-%dT%H:%M:%S'
108 : 2020-12-17 08:03:43,527 : INFO : telemetry.records : No cache to be uploaded.
108 : 2020-12-17 08:03:43,527 : INFO : telemetry.client : Accumulated 0 events. Flush the clients.
108 : 2020-12-17 08:03:43,528 : INFO : telemetry.note : Update the last send in note to 0001-01-01 00:00:00
108 : 2020-12-17 08:03:43,528 : INFO : telemetry.note : Update the note mtime to 2020-12-17 08:03:43.528197
441 : 2020-12-17 08:49:11,292 : INFO : telemetry.main : Attempt start. Configuration directory [/home/mathew_kim/.azure].
441 : 2020-12-17 08:49:11,293 : INFO : telemetry.check : Returns Positive.
441 : 2020-12-17 08:49:11,293 : DEBUG : telemetry.note : acquiring lock
441 : 2020-12-17 08:49:11,293 : DEBUG : telemetry.note : acquired lock
441 : 2020-12-17 08:49:11,293 : INFO : telemetry.note : Update the note mtime to 2020-12-17 08:49:11.293680
441 : 2020-12-17 08:49:11,296 : WARNING : telemetry.note : Fail to parse or read the timestamp '1-01-01T00:00:00' in the note file. Set the last send time to minimal. Reason: time data '1-01-01T00:00:00' does not match format '%Y-%m-%dT%H:%M:%S'
441 : 2020-12-17 08:49:11,296 : INFO : telemetry.records : No cache to be uploaded.
441 : 2020-12-17 08:49:11,296 : INFO : telemetry.client : Accumulated 0 events. Flush the clients.
441 : 2020-12-17 08:49:11,296 : INFO : telemetry.note : Update the last send in note to 0001-01-01 00:00:00
441 : 2020-12-17 08:49:11,297 : INFO : telemetry.note : Update the note mtime to 2020-12-17 08:49:11.297118
112 : 2020-12-20 06:22:55,711 : INFO : telemetry.main : Attempt start. Configuration directory [/home/mathew_kim/.azure].
112 : 2020-12-20 06:22:55,715 : INFO : telemetry.check : Returns Positive.
112 : 2020-12-20 06:22:55,715 : DEBUG : telemetry.note : acquiring lock
112 : 2020-12-20 06:22:55,715 : DEBUG : telemetry.note : acquired lock
112 : 2020-12-20 06:22:55,715 : INFO : telemetry.note : Update the note mtime to 2020-12-20 06:22:55.715703
112 : 2020-12-20 06:22:55,721 : WARNING : telemetry.note : Fail to parse or read the timestamp '1-01-01T00:00:00' in the note file. Set the last send time to minimal. Reason: time data '1-01-01T00:00:00' does not match format '%Y-%m-%dT%H:%M:%S'
112 : 2020-12-20 06:22:55,721 : INFO : telemetry.records : No cache to be uploaded.
112 : 2020-12-20 06:22:55,721 : INFO : telemetry.client : Accumulated 0 events. Flush the clients.
112 : 2020-12-20 06:22:55,721 : INFO : telemetry.note : Update the last send in note to 0001-01-01 00:00:00
112 : 2020-12-20 06:22:55,721 : INFO : telemetry.note : Update the note mtime to 2020-12-20 06:22:55.721749
537 : 2020-12-20 06:42:19,317 : INFO : telemetry.main : Attempt start. Configuration directory [/home/mathew_kim/.azure].
537 : 2020-12-20 06:42:19,318 : INFO : telemetry.check : Returns Positive.
537 : 2020-12-20 06:42:19,318 : DEBUG : telemetry.note : acquiring lock
537 : 2020-12-20 06:42:19,318 : DEBUG : telemetry.note : acquired lock
537 : 2020-12-20 06:42:19,318 : INFO : telemetry.note : Update the note mtime to 2020-12-20 06:42:19.318626
537 : 2020-12-20 06:42:19,320 : WARNING : telemetry.note : Fail to parse or read the timestamp '1-01-01T00:00:00' in the note file. Set the last send time to minimal. Reason: time data '1-01-01T00:00:00' does not match format '%Y-%m-%dT%H:%M:%S'
537 : 2020-12-20 06:42:19,321 : INFO : telemetry.records : No cache to be uploaded.
537 : 2020-12-20 06:42:19,321 : INFO : telemetry.client : Accumulated 0 events. Flush the clients.
537 : 2020-12-20 06:42:19,321 : INFO : telemetry.note : Update the last send in note to 0001-01-01 00:00:00
537 : 2020-12-20 06:42:19,321 : INFO : telemetry.note : Update the note mtime to 2020-12-20 06:42:19.321529
881 : 2020-12-20 06:59:41,797 : INFO : telemetry.main : Attempt start. Configuration directory [/home/mathew_kim/.azure].
881 : 2020-12-20 06:59:41,797 : INFO : telemetry.check : Returns Positive.
881 : 2020-12-20 06:59:41,797 : DEBUG : telemetry.note : acquiring lock
881 : 2020-12-20 06:59:41,797 : DEBUG : telemetry.note : acquired lock
881 : 2020-12-20 06:59:41,798 : INFO : telemetry.note : Update the note mtime to 2020-12-20 06:59:41.798024
881 : 2020-12-20 06:59:41,800 : WARNING : telemetry.note : Fail to parse or read the timestamp '1-01-01T00:00:00' in the note file. Set the last send time to minimal. Reason: time data '1-01-01T00:00:00' does not match format '%Y-%m-%dT%H:%M:%S'
881 : 2020-12-20 06:59:41,800 : INFO : telemetry.records : No cache to be uploaded.
881 : 2020-12-20 06:59:41,800 : INFO : telemetry.client : Accumulated 0 events. Flush the clients.
881 : 2020-12-20 06:59:41,801 : INFO : telemetry.note : Update the last send in note to 0001-01-01 00:00:00
881 : 2020-12-20 06:59:41,801 : INFO : telemetry.note : Update the note mtime to 2020-12-20 06:59:41.801151
1364 : 2020-12-20 07:29:12,541 : INFO : telemetry.main : Attempt start. Configuration directory [/home/mathew_kim/.azure].
1364 : 2020-12-20 07:29:12,541 : INFO : telemetry.check : Returns Positive.
1364 : 2020-12-20 07:29:12,541 : DEBUG : telemetry.note : acquiring lock
1364 : 2020-12-20 07:29:12,542 : DEBUG : telemetry.note : acquired lock
1364 : 2020-12-20 07:29:12,542 : INFO : telemetry.note : Update the note mtime to 2020-12-20 07:29:12.542106
1364 : 2020-12-20 07:29:12,544 : WARNING : telemetry.note : Fail to parse or read the timestamp '1-01-01T00:00:00' in the note file. Set the last send time to minimal. Reason: time data '1-01-01T00:00:00' does not match format '%Y-%m-%dT%H:%M:%S'
1364 : 2020-12-20 07:29:12,544 : INFO : telemetry.records : No cache to be uploaded.
1364 : 2020-12-20 07:29:12,544 : INFO : telemetry.client : Accumulated 0 events. Flush the clients.
1364 : 2020-12-20 07:29:12,545 : INFO : telemetry.note : Update the last send in note to 0001-01-01 00:00:00
1364 : 2020-12-20 07:29:12,545 : INFO : telemetry.note : Update the note mtime to 2020-12-20 07:29:12.545211
2565 : 2020-12-20 08:48:08,736 : INFO : telemetry.main : Attempt start. Configuration directory [/home/mathew_kim/.azure].
2565 : 2020-12-20 08:48:08,736 : INFO : telemetry.check : Returns Positive.
2565 : 2020-12-20 08:48:08,736 : DEBUG : telemetry.note : acquiring lock
2565 : 2020-12-20 08:48:08,736 : DEBUG : telemetry.note : acquired lock
2565 : 2020-12-20 08:48:08,737 : INFO : telemetry.note : Update the note mtime to 2020-12-20 08:48:08.737017
2565 : 2020-12-20 08:48:08,739 : WARNING : telemetry.note : Fail to parse or read the timestamp '1-01-01T00:00:00' in the note file. Set the last send time to minimal. Reason: time data '1-01-01T00:00:00' does not match format '%Y-%m-%dT%H:%M:%S'
2565 : 2020-12-20 08:48:08,739 : INFO : telemetry.records : No cache to be uploaded.
2565 : 2020-12-20 08:48:08,739 : INFO : telemetry.client : Accumulated 0 events. Flush the clients.
2565 : 2020-12-20 08:48:08,739 : INFO : telemetry.note : Update the last send in note to 0001-01-01 00:00:00
2565 : 2020-12-20 08:48:08,739 : INFO : telemetry.note : Update the note mtime to 2020-12-20 08:48:08.739957
110 : 2020-12-20 10:29:59,594 : INFO : telemetry.main : Attempt start. Configuration directory [/home/mathew_kim/.azure].
110 : 2020-12-20 10:29:59,617 : INFO : telemetry.check : Returns Positive.
110 : 2020-12-20 10:29:59,617 : DEBUG : telemetry.note : acquiring lock
110 : 2020-12-20 10:29:59,617 : DEBUG : telemetry.note : acquired lock
110 : 2020-12-20 10:29:59,618 : INFO : telemetry.note : Update the note mtime to 2020-12-20 10:29:59.618014
110 : 2020-12-20 10:29:59,623 : WARNING : telemetry.note : Fail to parse or read the timestamp '1-01-01T00:00:00' in the note file. Set the last send time to minimal. Reason: time data '1-01-01T00:00:00' does not match format '%Y-%m-%dT%H:%M:%S'
110 : 2020-12-20 10:29:59,624 : INFO : telemetry.records : No cache to be uploaded.
110 : 2020-12-20 10:29:59,624 : INFO : telemetry.client : Accumulated 0 events. Flush the clients.
110 : 2020-12-20 10:29:59,624 : INFO : telemetry.note : Update the last send in note to 0001-01-01 00:00:00
110 : 2020-12-20 10:29:59,624 : INFO : telemetry.note : Update the note mtime to 2020-12-20 10:29:59.624411
110 : 2020-12-20 12:26:42,265 : INFO : telemetry.main : Attempt start. Configuration directory [/home/mathew_kim/.azure].
110 : 2020-12-20 12:26:42,271 : INFO : telemetry.check : Returns Positive.
110 : 2020-12-20 12:26:42,272 : DEBUG : telemetry.note : acquiring lock
110 : 2020-12-20 12:26:42,272 : DEBUG : telemetry.note : acquired lock
110 : 2020-12-20 12:26:42,272 : INFO : telemetry.note : Update the note mtime to 2020-12-20 12:26:42.272318
110 : 2020-12-20 12:26:42,307 : WARNING : telemetry.note : Fail to parse or read the timestamp '1-01-01T00:00:00' in the note file. Set the last send time to minimal. Reason: time data '1-01-01T00:00:00' does not match format '%Y-%m-%dT%H:%M:%S'
110 : 2020-12-20 12:26:42,307 : INFO : telemetry.records : No cache to be uploaded.
110 : 2020-12-20 12:26:42,307 : INFO : telemetry.client : Accumulated 0 events. Flush the clients.
110 : 2020-12-20 12:26:42,307 : INFO : telemetry.note : Update the last send in note to 0001-01-01 00:00:00
110 : 2020-12-20 12:26:42,308 : INFO : telemetry.note : Update the note mtime to 2020-12-20 12:26:42.308039
166 : 2020-12-20 13:23:05,413 : INFO : telemetry.main : Attempt start. Configuration directory [/home/mathew_kim/.azure].
166 : 2020-12-20 13:23:05,414 : INFO : telemetry.check : Returns Positive.
166 : 2020-12-20 13:23:05,414 : DEBUG : telemetry.note : acquiring lock
166 : 2020-12-20 13:23:05,414 : DEBUG : telemetry.note : acquired lock
166 : 2020-12-20 13:23:05,414 : INFO : telemetry.note : Update the note mtime to 2020-12-20 13:23:05.414809
166 : 2020-12-20 13:23:05,417 : WARNING : telemetry.note : Fail to parse or read the timestamp '1-01-01T00:00:00' in the note file. Set the last send time to minimal. Reason: time data '1-01-01T00:00:00' does not match format '%Y-%m-%dT%H:%M:%S'
166 : 2020-12-20 13:23:05,417 : INFO : telemetry.records : No cache to be uploaded.
166 : 2020-12-20 13:23:05,417 : INFO : telemetry.client : Accumulated 0 events. Flush the clients.
166 : 2020-12-20 13:23:05,417 : INFO : telemetry.note : Update the last send in note to 0001-01-01 00:00:00
166 : 2020-12-20 13:23:05,417 : INFO : telemetry.note : Update the note mtime to 2020-12-20 13:23:05.417896
236 : 2020-12-20 13:56:35,321 : INFO : telemetry.main : Attempt start. Configuration directory [/home/mathew_kim/.azure].
236 : 2020-12-20 13:56:35,321 : INFO : telemetry.check : Returns Positive.
236 : 2020-12-20 13:56:35,322 : DEBUG : telemetry.note : acquiring lock
236 : 2020-12-20 13:56:35,322 : DEBUG : telemetry.note : acquired lock
236 : 2020-12-20 13:56:35,322 : INFO : telemetry.note : Update the note mtime to 2020-12-20 13:56:35.322282
236 : 2020-12-20 13:56:35,324 : WARNING : telemetry.note : Fail to parse or read the timestamp '1-01-01T00:00:00' in the note file. Set the last send time to minimal. Reason: time data '1-01-01T00:00:00' does not match format '%Y-%m-%dT%H:%M:%S'
236 : 2020-12-20 13:56:35,324 : INFO : telemetry.records : No cache to be uploaded.
236 : 2020-12-20 13:56:35,324 : INFO : telemetry.client : Accumulated 0 events. Flush the clients.
236 : 2020-12-20 13:56:35,324 : INFO : telemetry.note : Update the last send in note to 0001-01-01 00:00:00
236 : 2020-12-20 13:56:35,324 : INFO : telemetry.note : Update the note mtime to 2020-12-20 13:56:35.324918
257 : 2020-12-20 14:15:01,266 : INFO : telemetry.main : Attempt start. Configuration directory [/home/mathew_kim/.azure].
257 : 2020-12-20 14:15:01,266 : INFO : telemetry.check : Returns Positive.
257 : 2020-12-20 14:15:01,266 : DEBUG : telemetry.note : acquiring lock
257 : 2020-12-20 14:15:01,267 : DEBUG : telemetry.note : acquired lock
257 : 2020-12-20 14:15:01,267 : INFO : telemetry.note : Update the note mtime to 2020-12-20 14:15:01.267150
257 : 2020-12-20 14:15:01,269 : WARNING : telemetry.note : Fail to parse or read the timestamp '1-01-01T00:00:00' in the note file. Set the last send time to minimal. Reason: time data '1-01-01T00:00:00' does not match format '%Y-%m-%dT%H:%M:%S'
257 : 2020-12-20 14:15:01,270 : INFO : telemetry.records : No cache to be uploaded.
257 : 2020-12-20 14:15:01,270 : INFO : telemetry.client : Accumulated 0 events. Flush the clients.
257 : 2020-12-20 14:15:01,270 : INFO : telemetry.note : Update the last send in note to 0001-01-01 00:00:00
257 : 2020-12-20 14:15:01,270 : INFO : telemetry.note : Update the note mtime to 2020-12-20 14:15:01.270424
